2023-10-04T13:42:23.041840+00:00 INFO 'ansible_navigator.setup_logger' New ansible-navigator instance, logging initialized
2023-10-04T13:42:23.042058+00:00 INFO 'ansible_navigator.setup_logger' New ansible-runner instance, logging initialized
2023-10-04T13:42:23.042107+00:00 DEBUG 'ansible_navigator.main' Jinja2==3.1.2 
2023-10-04T13:42:23.042141+00:00 DEBUG 'ansible_navigator.main' MarkupSafe==2.1.1 
2023-10-04T13:42:23.042171+00:00 DEBUG 'ansible_navigator.main' PyYAML==5.4.1 
2023-10-04T13:42:23.042199+00:00 DEBUG 'ansible_navigator.main' Pygments==2.11.2 
2023-10-04T13:42:23.042226+00:00 DEBUG 'ansible_navigator.main' ansible-builder==3.0.0 
2023-10-04T13:42:23.042253+00:00 DEBUG 'ansible_navigator.main' ansible-compat==2.2.1 
2023-10-04T13:42:23.042278+00:00 DEBUG 'ansible_navigator.main' ansible-lint==6.8.2 
2023-10-04T13:42:23.042304+00:00 DEBUG 'ansible_navigator.main' ansible-navigator==3.4.1 
2023-10-04T13:42:23.042329+00:00 DEBUG 'ansible_navigator.main' ansible-runner==2.3.2 
2023-10-04T13:42:23.042354+00:00 DEBUG 'ansible_navigator.main' attrs==21.4.0 /usr/lib/python3.9/site-packages/attrs/__init__.py
2023-10-04T13:42:23.042380+00:00 DEBUG 'ansible_navigator.main' bindep==2.10.2 /usr/lib/python3.9/site-packages/bindep/__init__.py
2023-10-04T13:42:23.042405+00:00 DEBUG 'ansible_navigator.main' black==22.8.0 /usr/lib/python3.9/site-packages/black/__init__.py
2023-10-04T13:42:23.042430+00:00 DEBUG 'ansible_navigator.main' bracex==2.2.1 /usr/lib/python3.9/site-packages/bracex/__init__.py
2023-10-04T13:42:23.042457+00:00 DEBUG 'ansible_navigator.main' cffi==1.14.3 /usr/lib64/python3.9/site-packages/cffi/__init__.py
2023-10-04T13:42:23.042482+00:00 DEBUG 'ansible_navigator.main' click==8.1.2 /usr/lib/python3.9/site-packages/click/__init__.py
2023-10-04T13:42:23.042508+00:00 DEBUG 'ansible_navigator.main' commonmark==0.9.1 /usr/lib/python3.9/site-packages/commonmark/__init__.py
2023-10-04T13:42:23.042533+00:00 DEBUG 'ansible_navigator.main' cryptography==3.3.1 /usr/lib64/python3.9/site-packages/cryptography/__init__.py
2023-10-04T13:42:23.042559+00:00 DEBUG 'ansible_navigator.main' distro==1.6.0 /usr/lib/python3.9/site-packages/distro.py
2023-10-04T13:42:23.042584+00:00 DEBUG 'ansible_navigator.main' docutils==0.16 /usr/lib/python3.9/site-packages/docutils/__init__.py
2023-10-04T13:42:23.042610+00:00 DEBUG 'ansible_navigator.main' filelock==3.8.0 /usr/lib/python3.9/site-packages/filelock/__init__.py
2023-10-04T13:42:23.042635+00:00 DEBUG 'ansible_navigator.main' future==0.18.3 /usr/lib/python3.9/site-packages/future/__init__.py
2023-10-04T13:42:23.042661+00:00 DEBUG 'ansible_navigator.main' idna==2.10 /usr/lib/python3.9/site-packages/idna/__init__.py
2023-10-04T13:42:23.042687+00:00 DEBUG 'ansible_navigator.main' importlib-metadata==4.10.1 
2023-10-04T13:42:23.042726+00:00 DEBUG 'ansible_navigator.main' jsonschema==4.9.1 /usr/lib/python3.9/site-packages/jsonschema/__init__.py
2023-10-04T13:42:23.042753+00:00 DEBUG 'ansible_navigator.main' lockfile==0.12.2 /usr/lib/python3.9/site-packages/lockfile/__init__.py
2023-10-04T13:42:23.042778+00:00 DEBUG 'ansible_navigator.main' mypy-extensions==0.4.3 
2023-10-04T13:42:23.042804+00:00 DEBUG 'ansible_navigator.main' onigurumacffi==1.1.0 /usr/lib64/python3.9/site-packages/onigurumacffi.py
2023-10-04T13:42:23.042829+00:00 DEBUG 'ansible_navigator.main' packaging==21.3 /usr/lib/python3.9/site-packages/packaging/__init__.py
2023-10-04T13:42:23.042854+00:00 DEBUG 'ansible_navigator.main' pathspec==0.9.0 /usr/lib/python3.9/site-packages/pathspec/__init__.py
2023-10-04T13:42:23.042879+00:00 DEBUG 'ansible_navigator.main' pbr==5.8.1 /usr/lib/python3.9/site-packages/pbr/__init__.py
2023-10-04T13:42:23.042904+00:00 DEBUG 'ansible_navigator.main' pip==20.2.4 /usr/lib/python3.9/site-packages/pip/__init__.py
2023-10-04T13:42:23.042929+00:00 DEBUG 'ansible_navigator.main' platformdirs==2.4.1 /usr/lib/python3.9/site-packages/platformdirs/__init__.py
2023-10-04T13:42:23.042954+00:00 DEBUG 'ansible_navigator.main' ply==3.11 /usr/lib/python3.9/site-packages/ply/__init__.py
2023-10-04T13:42:23.042979+00:00 DEBUG 'ansible_navigator.main' pycparser==2.20 /usr/lib/python3.9/site-packages/pycparser/__init__.py
2023-10-04T13:42:23.043010+00:00 DEBUG 'ansible_navigator.main' pyparsing==2.4.7 /usr/lib/python3.9/site-packages/pyparsing.py
2023-10-04T13:42:23.043047+00:00 DEBUG 'ansible_navigator.main' pyrsistent==0.18.1 /usr/lib64/python3.9/site-packages/pyrsistent/__init__.py
2023-10-04T13:42:23.043074+00:00 DEBUG 'ansible_navigator.main' python-daemon==2.3.0 
2023-10-04T13:42:23.043099+00:00 DEBUG 'ansible_navigator.main' requirements-parser==0.2.0 
2023-10-04T13:42:23.043125+00:00 DEBUG 'ansible_navigator.main' rich==12.0.0 /usr/lib/python3.9/site-packages/rich/__init__.py
2023-10-04T13:42:23.043150+00:00 DEBUG 'ansible_navigator.main' ruamel.yaml.clib==0.2.6 
2023-10-04T13:42:23.043175+00:00 DEBUG 'ansible_navigator.main' ruamel.yaml==0.17.21 /usr/lib/python3.9/site-packages/ruamel/yaml/__init__.py
2023-10-04T13:42:23.043200+00:00 DEBUG 'ansible_navigator.main' setuptools==50.3.2 /usr/lib/python3.9/site-packages/setuptools/__init__.py
2023-10-04T13:42:23.043225+00:00 DEBUG 'ansible_navigator.main' six==1.15.0 /usr/lib/python3.9/site-packages/six.py
2023-10-04T13:42:23.043251+00:00 DEBUG 'ansible_navigator.main' subprocess-tee==0.3.5 
2023-10-04T13:42:23.043276+00:00 DEBUG 'ansible_navigator.main' typing-extensions==3.10.0.2 
2023-10-04T13:42:23.043301+00:00 DEBUG 'ansible_navigator.main' wcmatch==8.3 /usr/lib/python3.9/site-packages/wcmatch/__init__.py
2023-10-04T13:42:23.043326+00:00 DEBUG 'ansible_navigator.main' zipp==3.4.0 /usr/lib/python3.9/site-packages/zipp.py
2023-10-04T13:42:23.043352+00:00 DEBUG 'ansible_navigator.main' Default collection_doc_cache_path set to: /home/bforrest/.cache/ansible-navigator/collection_doc_cache.db
2023-10-04T13:42:23.043380+00:00 DEBUG 'ansible_navigator.main' EDITOR environment variable not set
2023-10-04T13:42:23.043406+00:00 DEBUG 'ansible_navigator.main' Default editor_command set to: vi +{line_number} {filename}
2023-10-04T13:42:23.043432+00:00 DEBUG 'ansible_navigator.main' No config file set by ANSIBLE_NAVIGATOR_CONFIG
2023-10-04T13:42:23.043457+00:00 DEBUG 'ansible_navigator.main' Looking in /home/bforrest
2023-10-04T13:42:23.043482+00:00 DEBUG 'ansible_navigator.main' Looking for '/home/bforrest/.ansible-navigator.yml', '/home/bforrest/.ansible-navigator.yaml' and '/home/bforrest/.ansible-navigator.json'
2023-10-04T13:42:23.043507+00:00 DEBUG 'ansible_navigator.main' Found 1: '/home/bforrest/.ansible-navigator.yml'
2023-10-04T13:42:23.043532+00:00 DEBUG 'ansible_navigator.main' Looking in /home/bforrest/repos/eda-demo
2023-10-04T13:42:23.043557+00:00 DEBUG 'ansible_navigator.main' Looking for '/home/bforrest/repos/eda-demo/ansible-navigator.yml', '/home/bforrest/repos/eda-demo/ansible-navigator.yaml' and '/home/bforrest/repos/eda-demo/ansible-navigator.json'
2023-10-04T13:42:23.043583+00:00 DEBUG 'ansible_navigator.main' Found 0: 
2023-10-04T13:42:23.043608+00:00 DEBUG 'ansible_navigator.main' All found 1: '/home/bforrest/.ansible-navigator.yml'
2023-10-04T13:42:23.043633+00:00 DEBUG 'ansible_navigator.main' Using: /home/bforrest/.ansible-navigator.yml
2023-10-04T13:42:23.043658+00:00 DEBUG 'ansible_navigator.main' Using settings file at /home/bforrest/.ansible-navigator.yml in search path
2023-10-04T13:42:23.043684+00:00 DEBUG 'ansible_navigator.main' Command provided: 'docs uri -m stdout'
2023-10-04T13:42:23.043721+00:00 DEBUG 'ansible_navigator.main' ansible-navigator.ansible-runner.artifact-dir not found in settings file
2023-10-04T13:42:23.043748+00:00 DEBUG 'ansible_navigator.main' ansible-navigator.ansible-runner.rotate-artifacts-count not found in settings file
2023-10-04T13:42:23.043773+00:00 DEBUG 'ansible_navigator.main' ansible-navigator.ansible-runner.timeout not found in settings file
2023-10-04T13:42:23.043799+00:00 DEBUG 'ansible_navigator.main' ansible-navigator.ansible-runner.job-events not found in settings file
2023-10-04T13:42:23.043824+00:00 DEBUG 'ansible_navigator.main' ansible-navigator.app not found in settings file
2023-10-04T13:42:23.043850+00:00 DEBUG 'ansible_navigator.main' ansible-navigator.ansible.cmdline not found in settings file
2023-10-04T13:42:23.043879+00:00 DEBUG 'ansible_navigator.main' ansible-navigator.collection-doc-cache-path not found in settings file
2023-10-04T13:42:23.043906+00:00 DEBUG 'ansible_navigator.main' ansible-navigator.ansible.config.path not found in settings file
2023-10-04T13:42:23.043932+00:00 DEBUG 'ansible_navigator.main' ansible-navigator.execution-environment.container-engine not found in settings file
2023-10-04T13:42:23.043957+00:00 DEBUG 'ansible_navigator.main' ansible-navigator.execution-environment.container-options not found in settings file
2023-10-04T13:42:23.043982+00:00 DEBUG 'ansible_navigator.main' ansible-navigator.color.enable not found in settings file
2023-10-04T13:42:23.044025+00:00 DEBUG 'ansible_navigator.main' ansible-navigator.editor.command not found in settings file
2023-10-04T13:42:23.044054+00:00 DEBUG 'ansible_navigator.main' ansible-navigator.editor.console not found in settings file
2023-10-04T13:42:23.044079+00:00 DEBUG 'ansible_navigator.main' ansible-navigator.enable-prompts not found in settings file
2023-10-04T13:42:23.044103+00:00 DEBUG 'ansible_navigator.main' ansible-navigator.exec.command not found in settings file
2023-10-04T13:42:23.044128+00:00 DEBUG 'ansible_navigator.main' ansible-navigator.exec.shell not found in settings file
2023-10-04T13:42:23.044152+00:00 DEBUG 'ansible_navigator.main' ansible-navigator.execution-environment.enabled not found in settings file
2023-10-04T13:42:23.044176+00:00 DEBUG 'ansible_navigator.main' ansible-navigator.execution-environment.volume-mounts not found in settings file
2023-10-04T13:42:23.044200+00:00 DEBUG 'ansible_navigator.main' ansible-navigator.format not found in settings file
2023-10-04T13:42:23.044224+00:00 DEBUG 'ansible_navigator.main' ansible-navigator.ansible-builder.help not found in settings file
2023-10-04T13:42:23.044248+00:00 DEBUG 'ansible_navigator.main' ansible-navigator.ansible.config.help not found in settings file
2023-10-04T13:42:23.044272+00:00 DEBUG 'ansible_navigator.main' ansible-navigator.ansible.doc.help not found in settings file
2023-10-04T13:42:23.044296+00:00 DEBUG 'ansible_navigator.main' ansible-navigator.ansible.inventory.help not found in settings file
2023-10-04T13:42:23.044320+00:00 DEBUG 'ansible_navigator.main' ansible-navigator.ansible.playbook.help not found in settings file
2023-10-04T13:42:23.044344+00:00 DEBUG 'ansible_navigator.main' ansible-navigator.images.details not found in settings file
2023-10-04T13:42:23.044368+00:00 DEBUG 'ansible_navigator.main' ansible-navigator.ansible.inventory.entries not found in settings file
2023-10-04T13:42:23.044392+00:00 DEBUG 'ansible_navigator.main' ansible-navigator.inventory-columns not found in settings file
2023-10-04T13:42:23.044416+00:00 DEBUG 'ansible_navigator.main' ansible-navigator.ansible-lint.config not found in settings file
2023-10-04T13:42:23.044441+00:00 DEBUG 'ansible_navigator.main' ansible-navigator.ansible-lint.lintables not found in settings file
2023-10-04T13:42:23.044465+00:00 DEBUG 'ansible_navigator.main' ansible-navigator.logging.append not found in settings file
2023-10-04T13:42:23.044489+00:00 DEBUG 'ansible_navigator.main' ansible-navigator.logging.file not found in settings file
2023-10-04T13:42:23.044513+00:00 DEBUG 'ansible_navigator.main' ansible-navigator.logging.level not found in settings file
2023-10-04T13:42:23.044537+00:00 DEBUG 'ansible_navigator.main' ansible-navigator.mode not found in settings file
2023-10-04T13:42:23.044560+00:00 DEBUG 'ansible_navigator.main' ansible-navigator.color.osc4 not found in settings file
2023-10-04T13:42:23.044584+00:00 DEBUG 'ansible_navigator.main' ansible-navigator.execution-environment.environment-variables.pass not found in settings file
2023-10-04T13:42:23.044609+00:00 DEBUG 'ansible_navigator.main' ansible-navigator.ansible.playbook.path not found in settings file
2023-10-04T13:42:23.044633+00:00 DEBUG 'ansible_navigator.main' ansible-navigator.playbook-artifact.replay not found in settings file
2023-10-04T13:42:23.044660+00:00 DEBUG 'ansible_navigator.main' ansible-navigator.playbook-artifact.save-as not found in settings file
2023-10-04T13:42:23.044686+00:00 DEBUG 'ansible_navigator.main' ansible-navigator.ansible.doc.plugin.name not found in settings file
2023-10-04T13:42:23.044724+00:00 DEBUG 'ansible_navigator.main' ansible-navigator.ansible.doc.plugin.type not found in settings file
2023-10-04T13:42:23.044759+00:00 DEBUG 'ansible_navigator.main' ansible-navigator.execution-environment.pull.arguments not found in settings file
2023-10-04T13:42:23.044790+00:00 DEBUG 'ansible_navigator.main' ansible-navigator.execution-environment.environment-variables.set not found in settings file
2023-10-04T13:42:23.044814+00:00 DEBUG 'ansible_navigator.main' ansible-navigator.settings.effective not found in settings file
2023-10-04T13:42:23.044839+00:00 DEBUG 'ansible_navigator.main' ansible-navigator.settings.sample not found in settings file
2023-10-04T13:42:23.044863+00:00 DEBUG 'ansible_navigator.main' ansible-navigator.settings.schema not found in settings file
2023-10-04T13:42:23.044888+00:00 DEBUG 'ansible_navigator.main' ansible-navigator.settings.sources not found in settings file
2023-10-04T13:42:23.044912+00:00 DEBUG 'ansible_navigator.main' ansible-navigator.time-zone not found in settings file
2023-10-04T13:42:23.044937+00:00 DEBUG 'ansible_navigator.main' ansible-navigator.ansible-builder.workdir not found in settings file
2023-10-04T13:42:23.044965+00:00 WARNING 'ansible_navigator.main' Configuration errors encountered, rolling back to previous configuration.
2023-10-04T13:42:23.044991+00:00 DEBUG 'ansible_navigator.main' Prior to rollback: ansible_runner_artifact_dir = 'Not set' (Constants/Not set)
2023-10-04T13:42:23.045016+00:00 DEBUG 'ansible_navigator.main' Prior to rollback: ansible_runner_rotate_artifacts_count = 'Not set' (Constants/Not set)
2023-10-04T13:42:23.045053+00:00 DEBUG 'ansible_navigator.main' Prior to rollback: ansible_runner_timeout = 'Not set' (Constants/Not set)
2023-10-04T13:42:23.045079+00:00 DEBUG 'ansible_navigator.main' Prior to rollback: ansible_runner_write_job_events = 'False' (bool/Defaults)
2023-10-04T13:42:23.045105+00:00 DEBUG 'ansible_navigator.main' Prior to rollback: app = 'welcome' (str/Defaults)
2023-10-04T13:42:23.045130+00:00 DEBUG 'ansible_navigator.main' Prior to rollback: cmdline = '['docs', 'uri', '-m', 'stdout']' (list/Command line)
2023-10-04T13:42:23.045155+00:00 DEBUG 'ansible_navigator.main' Prior to rollback: collection_doc_cache_path = '/home/bforrest/.cache/ansible-navigator/collection_doc_cache.db' (str/Defaults)
2023-10-04T13:42:23.045180+00:00 DEBUG 'ansible_navigator.main' Prior to rollback: config = 'Not set' (Constants/Not set)
2023-10-04T13:42:23.045205+00:00 DEBUG 'ansible_navigator.main' Prior to rollback: container_engine = 'auto' (str/Defaults)
2023-10-04T13:42:23.045230+00:00 DEBUG 'ansible_navigator.main' Prior to rollback: container_options = 'Not set' (Constants/Not set)
2023-10-04T13:42:23.045255+00:00 DEBUG 'ansible_navigator.main' Prior to rollback: display_color = 'True' (bool/Defaults)
2023-10-04T13:42:23.045280+00:00 DEBUG 'ansible_navigator.main' Prior to rollback: editor_command = 'vi +{line_number} {filename}' (str/Defaults)
2023-10-04T13:42:23.045304+00:00 DEBUG 'ansible_navigator.main' Prior to rollback: editor_console = 'True' (bool/Defaults)
2023-10-04T13:42:23.045329+00:00 DEBUG 'ansible_navigator.main' Prior to rollback: enable_prompts = 'False' (bool/Defaults)
2023-10-04T13:42:23.045353+00:00 DEBUG 'ansible_navigator.main' Prior to rollback: exec_command = '/bin/bash' (str/Defaults)
2023-10-04T13:42:23.045378+00:00 DEBUG 'ansible_navigator.main' Prior to rollback: exec_shell = 'True' (bool/Defaults)
2023-10-04T13:42:23.045402+00:00 DEBUG 'ansible_navigator.main' Prior to rollback: execution_environment = 'True' (bool/Defaults)
2023-10-04T13:42:23.045427+00:00 DEBUG 'ansible_navigator.main' Prior to rollback: execution_environment_image = 'pah.thatcigardude.com/aws-snow-meetup:v1.1' (str/Settings file)
2023-10-04T13:42:23.045452+00:00 DEBUG 'ansible_navigator.main' Prior to rollback: execution_environment_volume_mounts = 'Not set' (Constants/Not set)
2023-10-04T13:42:23.045480+00:00 DEBUG 'ansible_navigator.main' Prior to rollback: format = 'yaml' (str/Defaults)
2023-10-04T13:42:23.045505+00:00 DEBUG 'ansible_navigator.main' Prior to rollback: help_builder = 'False' (bool/Defaults)
2023-10-04T13:42:23.045530+00:00 DEBUG 'ansible_navigator.main' Prior to rollback: help_config = 'False' (bool/Defaults)
2023-10-04T13:42:23.045554+00:00 DEBUG 'ansible_navigator.main' Prior to rollback: help_doc = 'False' (bool/Defaults)
2023-10-04T13:42:23.045579+00:00 DEBUG 'ansible_navigator.main' Prior to rollback: help_inventory = 'False' (bool/Defaults)
2023-10-04T13:42:23.045603+00:00 DEBUG 'ansible_navigator.main' Prior to rollback: help_playbook = 'False' (bool/Defaults)
2023-10-04T13:42:23.045628+00:00 DEBUG 'ansible_navigator.main' Prior to rollback: images_details = '['everything']' (list/Defaults)
2023-10-04T13:42:23.045652+00:00 DEBUG 'ansible_navigator.main' Prior to rollback: inventory = 'Not set' (Constants/Not set)
2023-10-04T13:42:23.045676+00:00 DEBUG 'ansible_navigator.main' Prior to rollback: inventory_column = 'Not set' (Constants/Not set)
2023-10-04T13:42:23.045701+00:00 DEBUG 'ansible_navigator.main' Prior to rollback: lint_config = 'Not set' (Constants/Not set)
2023-10-04T13:42:23.045726+00:00 DEBUG 'ansible_navigator.main' Prior to rollback: lintables = 'Not set' (Constants/Not set)
2023-10-04T13:42:23.045750+00:00 DEBUG 'ansible_navigator.main' Prior to rollback: log_append = 'True' (bool/Defaults)
2023-10-04T13:42:23.045774+00:00 DEBUG 'ansible_navigator.main' Prior to rollback: log_file = '/home/bforrest/repos/eda-demo/ansible-navigator.log' (str/Defaults)
2023-10-04T13:42:23.045798+00:00 DEBUG 'ansible_navigator.main' Prior to rollback: log_level = 'warning' (str/Defaults)
2023-10-04T13:42:23.045823+00:00 DEBUG 'ansible_navigator.main' Prior to rollback: mode = 'interactive' (str/Defaults)
2023-10-04T13:42:23.045848+00:00 DEBUG 'ansible_navigator.main' Prior to rollback: osc4 = 'True' (bool/Defaults)
2023-10-04T13:42:23.045872+00:00 DEBUG 'ansible_navigator.main' Prior to rollback: pass_environment_variable = 'Not set' (Constants/Not set)
2023-10-04T13:42:23.045896+00:00 DEBUG 'ansible_navigator.main' Prior to rollback: playbook = 'Not set' (Constants/Not set)
2023-10-04T13:42:23.045920+00:00 DEBUG 'ansible_navigator.main' Prior to rollback: playbook_artifact_enable = 'False' (bool/Settings file)
2023-10-04T13:42:23.045945+00:00 DEBUG 'ansible_navigator.main' Prior to rollback: playbook_artifact_replay = 'Not set' (Constants/Not set)
2023-10-04T13:42:23.045969+00:00 DEBUG 'ansible_navigator.main' Prior to rollback: playbook_artifact_save_as = '{playbook_dir}/{playbook_name}-artifact-{time_stamp}.json' (str/Defaults)
2023-10-04T13:42:23.045993+00:00 DEBUG 'ansible_navigator.main' Prior to rollback: plugin_name = 'Not set' (Constants/Not set)
2023-10-04T13:42:23.046018+00:00 DEBUG 'ansible_navigator.main' Prior to rollback: plugin_type = 'module' (str/Defaults)
2023-10-04T13:42:23.046050+00:00 DEBUG 'ansible_navigator.main' Prior to rollback: pull_arguments = 'Not set' (Constants/Not set)
2023-10-04T13:42:23.046075+00:00 DEBUG 'ansible_navigator.main' Prior to rollback: pull_policy = 'missing' (str/Settings file)
2023-10-04T13:42:23.046099+00:00 DEBUG 'ansible_navigator.main' Prior to rollback: set_environment_variable = 'Not set' (Constants/Not set)
2023-10-04T13:42:23.046123+00:00 DEBUG 'ansible_navigator.main' Prior to rollback: settings_effective = 'False' (bool/Defaults)
2023-10-04T13:42:23.046148+00:00 DEBUG 'ansible_navigator.main' Prior to rollback: settings_sample = 'False' (bool/Defaults)
2023-10-04T13:42:23.046172+00:00 DEBUG 'ansible_navigator.main' Prior to rollback: settings_schema = 'json' (str/Defaults)
2023-10-04T13:42:23.046197+00:00 DEBUG 'ansible_navigator.main' Prior to rollback: settings_sources = 'False' (bool/Defaults)
2023-10-04T13:42:23.046221+00:00 DEBUG 'ansible_navigator.main' Prior to rollback: time_zone = 'UTC' (str/Defaults)
2023-10-04T13:42:23.046249+00:00 DEBUG 'ansible_navigator.main' Prior to rollback: workdir = '/home/bforrest/repos/eda-demo' (str/Defaults)
2023-10-04T13:42:23.046275+00:00 DEBUG 'ansible_navigator.main' After rollback: ansible_runner_artifact_dir = 'Not set' (Constants/Not set)
2023-10-04T13:42:23.046300+00:00 DEBUG 'ansible_navigator.main' After rollback: ansible_runner_rotate_artifacts_count = 'Not set' (Constants/Not set)
2023-10-04T13:42:23.046325+00:00 DEBUG 'ansible_navigator.main' After rollback: ansible_runner_timeout = 'Not set' (Constants/Not set)
2023-10-04T13:42:23.046350+00:00 DEBUG 'ansible_navigator.main' After rollback: ansible_runner_write_job_events = 'Not set' (Constants/Not set)
2023-10-04T13:42:23.046375+00:00 DEBUG 'ansible_navigator.main' After rollback: app = 'Not set' (Constants/Not set)
2023-10-04T13:42:23.046399+00:00 DEBUG 'ansible_navigator.main' After rollback: cmdline = 'Not set' (Constants/Not set)
2023-10-04T13:42:23.046423+00:00 DEBUG 'ansible_navigator.main' After rollback: collection_doc_cache_path = 'Not set' (Constants/Not set)
2023-10-04T13:42:23.046448+00:00 DEBUG 'ansible_navigator.main' After rollback: config = 'Not set' (Constants/Not set)
2023-10-04T13:42:23.046473+00:00 DEBUG 'ansible_navigator.main' After rollback: container_engine = 'Not set' (Constants/Not set)
2023-10-04T13:42:23.046497+00:00 DEBUG 'ansible_navigator.main' After rollback: container_options = 'Not set' (Constants/Not set)
2023-10-04T13:42:23.046520+00:00 DEBUG 'ansible_navigator.main' After rollback: display_color = 'Not set' (Constants/Not set)
2023-10-04T13:42:23.046544+00:00 DEBUG 'ansible_navigator.main' After rollback: editor_command = 'Not set' (Constants/Not set)
2023-10-04T13:42:23.046569+00:00 DEBUG 'ansible_navigator.main' After rollback: editor_console = 'Not set' (Constants/Not set)
2023-10-04T13:42:23.046593+00:00 DEBUG 'ansible_navigator.main' After rollback: enable_prompts = 'Not set' (Constants/Not set)
2023-10-04T13:42:23.046618+00:00 DEBUG 'ansible_navigator.main' After rollback: exec_command = 'Not set' (Constants/Not set)
2023-10-04T13:42:23.046641+00:00 DEBUG 'ansible_navigator.main' After rollback: exec_shell = 'Not set' (Constants/Not set)
2023-10-04T13:42:23.046665+00:00 DEBUG 'ansible_navigator.main' After rollback: execution_environment = 'Not set' (Constants/Not set)
2023-10-04T13:42:23.046690+00:00 DEBUG 'ansible_navigator.main' After rollback: execution_environment_image = 'Not set' (Constants/Not set)
2023-10-04T13:42:23.046714+00:00 DEBUG 'ansible_navigator.main' After rollback: execution_environment_volume_mounts = 'Not set' (Constants/Not set)
2023-10-04T13:42:23.046738+00:00 DEBUG 'ansible_navigator.main' After rollback: format = 'Not set' (Constants/Not set)
2023-10-04T13:42:23.046763+00:00 DEBUG 'ansible_navigator.main' After rollback: help_builder = 'Not set' (Constants/Not set)
2023-10-04T13:42:23.046787+00:00 DEBUG 'ansible_navigator.main' After rollback: help_config = 'Not set' (Constants/Not set)
2023-10-04T13:42:23.046811+00:00 DEBUG 'ansible_navigator.main' After rollback: help_doc = 'Not set' (Constants/Not set)
2023-10-04T13:42:23.046835+00:00 DEBUG 'ansible_navigator.main' After rollback: help_inventory = 'Not set' (Constants/Not set)
2023-10-04T13:42:23.046859+00:00 DEBUG 'ansible_navigator.main' After rollback: help_playbook = 'Not set' (Constants/Not set)
2023-10-04T13:42:23.046883+00:00 DEBUG 'ansible_navigator.main' After rollback: images_details = 'Not set' (Constants/Not set)
2023-10-04T13:42:23.046907+00:00 DEBUG 'ansible_navigator.main' After rollback: inventory = 'Not set' (Constants/Not set)
2023-10-04T13:42:23.046932+00:00 DEBUG 'ansible_navigator.main' After rollback: inventory_column = 'Not set' (Constants/Not set)
2023-10-04T13:42:23.046956+00:00 DEBUG 'ansible_navigator.main' After rollback: lint_config = 'Not set' (Constants/Not set)
2023-10-04T13:42:23.046981+00:00 DEBUG 'ansible_navigator.main' After rollback: lintables = 'Not set' (Constants/Not set)
2023-10-04T13:42:23.047004+00:00 DEBUG 'ansible_navigator.main' After rollback: log_append = 'Not set' (Constants/Not set)
2023-10-04T13:42:23.047037+00:00 DEBUG 'ansible_navigator.main' After rollback: log_file = 'Not set' (Constants/Not set)
2023-10-04T13:42:23.047064+00:00 DEBUG 'ansible_navigator.main' After rollback: log_level = 'Not set' (Constants/Not set)
2023-10-04T13:42:23.047088+00:00 DEBUG 'ansible_navigator.main' After rollback: mode = 'Not set' (Constants/Not set)
2023-10-04T13:42:23.047112+00:00 DEBUG 'ansible_navigator.main' After rollback: osc4 = 'Not set' (Constants/Not set)
2023-10-04T13:42:23.047137+00:00 DEBUG 'ansible_navigator.main' After rollback: pass_environment_variable = 'Not set' (Constants/Not set)
2023-10-04T13:42:23.047161+00:00 DEBUG 'ansible_navigator.main' After rollback: playbook = 'Not set' (Constants/Not set)
2023-10-04T13:42:23.047185+00:00 DEBUG 'ansible_navigator.main' After rollback: playbook_artifact_enable = 'Not set' (Constants/Not set)
2023-10-04T13:42:23.047210+00:00 DEBUG 'ansible_navigator.main' After rollback: playbook_artifact_replay = 'Not set' (Constants/Not set)
2023-10-04T13:42:23.047234+00:00 DEBUG 'ansible_navigator.main' After rollback: playbook_artifact_save_as = 'Not set' (Constants/Not set)
2023-10-04T13:42:23.047258+00:00 DEBUG 'ansible_navigator.main' After rollback: plugin_name = 'Not set' (Constants/Not set)
2023-10-04T13:42:23.047282+00:00 DEBUG 'ansible_navigator.main' After rollback: plugin_type = 'Not set' (Constants/Not set)
2023-10-04T13:42:23.047307+00:00 DEBUG 'ansible_navigator.main' After rollback: pull_arguments = 'Not set' (Constants/Not set)
2023-10-04T13:42:23.047331+00:00 DEBUG 'ansible_navigator.main' After rollback: pull_policy = 'Not set' (Constants/Not set)
2023-10-04T13:42:23.047356+00:00 DEBUG 'ansible_navigator.main' After rollback: set_environment_variable = 'Not set' (Constants/Not set)
2023-10-04T13:42:23.047380+00:00 DEBUG 'ansible_navigator.main' After rollback: settings_effective = 'Not set' (Constants/Not set)
2023-10-04T13:42:23.047405+00:00 DEBUG 'ansible_navigator.main' After rollback: settings_sample = 'Not set' (Constants/Not set)
2023-10-04T13:42:23.047429+00:00 DEBUG 'ansible_navigator.main' After rollback: settings_schema = 'Not set' (Constants/Not set)
2023-10-04T13:42:23.047453+00:00 DEBUG 'ansible_navigator.main' After rollback: settings_sources = 'Not set' (Constants/Not set)
2023-10-04T13:42:23.047478+00:00 DEBUG 'ansible_navigator.main' After rollback: time_zone = 'Not set' (Constants/Not set)
2023-10-04T13:42:23.047502+00:00 DEBUG 'ansible_navigator.main' After rollback: workdir = 'Not set' (Constants/Not set)
2023-10-04T13:42:23.047526+00:00 DEBUG 'ansible_navigator.main' Configuration rollback complete.
2023-10-04T13:42:23.047550+00:00 DEBUG 'ansible_navigator.main' Collection doc cache not mounted
2023-10-04T13:42:23.047581+00:00 WARNING 'ansible_navigator.main' Issues were found while applying the settings.
2023-10-04T13:42:23.047610+00:00 INFO 'ansible_navigator.main' Command provided: 'docs uri -m stdout'
2023-10-04T13:42:23.047640+00:00 ERROR 'ansible_navigator.main' argument {subcommand} --help: invalid choice: 'docs' (choose from 'builder', 'collections', 'config', 'doc', 'exec', 'images', 'inventory', 'lint', 'replay', 'run', 'settings', 'welcome')
2023-10-04T13:42:23.047668+00:00 INFO 'ansible_navigator.main' Configuration failed, using default log file location. (/home/bforrest/repos/eda-demo/ansible-navigator.log) Log level set to debug
2023-10-04T13:42:23.047696+00:00 INFO 'ansible_navigator.main' Review the hints and log file to see what went wrong.
